#
# There is insufficient memory for the Java Runtime Environment to continue.
# Native memory allocation (mmap) failed to map 19922944 bytes for Failed to commit area from 0x00000000c7900000 to 0x00000000c8c00000 of length 19922944.
# Possible reasons:
#   The system is out of physical RAM or swap space
#   The process is running with CompressedOops enabled, and the Java Heap may be blocking the growth of the native heap
# Possible solutions:
#   Reduce memory load on the system
#   Increase physical memory or swap space
#   Check if swap backing store is full
#   Decrease Java heap size (-Xmx/-Xms)
#   Decrease number of Java threads
#   Decrease Java thread stack sizes (-Xss)
#   Set larger code cache with -XX:ReservedCodeCacheSize=
#   JVM is running with Unscaled Compressed Oops mode in which the Java heap is
#     placed in the first 4GB address space. The Java Heap base address is the
#     maximum limit for the native heap growth. Please use -XX:HeapBaseMinAddress
#     to set the Java Heap base and to place the Java Heap above 4GB virtual address.
# This output file may be truncated or incomplete.
#
#  Out of Memory Error (c:/BuildAgent/work/5ff2f6c26000d570/src/hotspot/os/windows/os_windows.cpp:3281), pid=9800, tid=9964
#
# JRE version: OpenJDK Runtime Environment (11.0.4+10) (build 11.0.4+10-b304.77)
# Java VM: OpenJDK 64-Bit Server VM (11.0.4+10-b304.77, mixed mode, sharing, tiered, compressed oops, g1 gc, windows-amd64)
# No core dump will be written. Minidumps are not enabled by default on client versions of Windows
#

---------------  S U M M A R Y ------------

Command Line: -XX:TieredStopAtLevel=1 -Xverify:none -Dspring.output.ansi.enabled=always -Dcom.sun.management.jmxremote -Dspring.jmx.enabled=true -Dspring.liveBeansView.mbeanDomain -Dspring.application.admin.enabled=true -javaagent:C:\Program Files\JetBrains\IntelliJ IDEA 2019.2.4\lib\idea_rt.jar=56580:C:\Program Files\JetBrains\IntelliJ IDEA 2019.2.4\bin -Dfile.encoding=UTF-8 kz.iitu.csse.group34.Group34Application

Host: Intel(R) Core(TM) i5-3337U CPU @ 1.80GHz, 4 cores, 3G,  Windows 10 , 64 bit Build 17763 (10.0.17763.475)
Time: Wed Apr  1 03:03:33 2020 Oaio?aeuiay Acey (ceia) elapsed time: 12 seconds (0d 0h 0m 12s)

---------------  T H R E A D  ---------------

Current thread (0x000002819ed65800):  VMThread "VM Thread" [stack: 0x000000bbcad00000,0x000000bbcae00000] [id=9964]

Stack: [0x000000bbcad00000,0x000000bbcae00000]
[error occurred during error reporting (printing stack bounds), id 0xc0000005, EXCEPTION_ACCESS_VIOLATION (0xc0000005) at pc=0x000002818ac90bad]

Native frames: (J=compiled Java code, j=interpreted, Vv=VM code, C=native code)
V  [jvm.dll+0x5db31a]
V  [jvm.dll+0x70c395]
V  [jvm.dll+0x70d8b8]
V  [jvm.dll+0x70dee5]
V  [jvm.dll+0x70de9b]
V  [jvm.dll+0x5daa98]
V  [jvm.dll+0x5daf08]
C  [ntdll.dll+0xa478f]
C  [ntdll.dll+0x4bef]
C  [ntdll.dll+0xa34fe]
C  0x000002818ac90bad

VM_Operation (0x000000bbca7fd090): G1CollectForAllocation, mode: safepoint, requested by thread 0x0000028186d33800


---------------  P R O C E S S  ---------------

Threads class SMR info:
_java_thread_list=0x00000281a1b4b370, length=20, elements={
0x0000028186d33800, 0x000002819ed69800, 0x000002819ed6d800, 0x000002819ed8c800,
0x000002819ed8f000, 0x000002819ed92000, 0x000002819ed93000, 0x000002819f782800,
0x000002819fb0a000, 0x000002819fb14000, 0x000002819fd10000, 0x00000281a01c7800,
0x00000281a009c000, 0x00000281a149d000, 0x00000281a148c800, 0x00000281a151a800,
0x00000281a14da800, 0x000002819f73f000, 0x00000281a16d8800, 0x00000281a1acc000
}

Java Threads: ( => current thread )
  0x0000028186d33800 JavaThread "main" [_thread_blocked, id=7700, stack(0x000000bbca700000,0x000000bbca800000)]
  0x000002819ed69800 JavaThread "Reference Handler" daemon [_thread_blocked, id=3144, stack(0x000000bbcae00000,0x000000bbcaf00000)]
  0x000002819ed6d800 JavaThread "Finalizer" daemon [_thread_blocked, id=9704, stack(0x000000bbcaf00000,0x000000bbcb000000)]
  0x000002819ed8c800 JavaThread "Signal Dispatcher" daemon [_thread_blocked, id=7148, stack(0x000000bbcb000000,0x000000bbcb100000)]
  0x000002819ed8f000 JavaThread "Attach Listener" daemon [_thread_blocked, id=10068, stack(0x000000bbcb100000,0x000000bbcb200000)]
  0x000002819ed92000 JavaThread "C1 CompilerThread0" daemon [_thread_blocked, id=10156, stack(0x000000bbcb200000,0x000000bbcb300000)]
  0x000002819ed93000 JavaThread "Sweeper thread" daemon [_thread_blocked, id=7812, stack(0x000000bbcb300000,0x000000bbcb400000)]
  0x000002819f782800 JavaThread "Common-Cleaner" daemon [_thread_blocked, id=4352, stack(0x000000bbcb400000,0x000000bbcb500000)]
  0x000002819fb0a000 JavaThread "Monitor Ctrl-Break" daemon [_thread_in_native, id=8740, stack(0x000000bbcb500000,0x000000bbcb600000)]
  0x000002819fb14000 JavaThread "Service Thread" daemon [_thread_blocked, id=7916, stack(0x000000bbcb600000,0x000000bbcb700000)]
  0x000002819fd10000 JavaThread "RMI TCP Accept-0" daemon [_thread_in_native, id=10000, stack(0x000000bbcb700000,0x000000bbcb800000)]
  0x00000281a01c7800 JavaThread "RMI TCP Connection(2)-172.20.10.3" daemon [_thread_in_native, id=6216, stack(0x000000bbcbe00000,0x000000bbcbf00000)]
  0x00000281a009c000 JavaThread "RMI Scheduler(0)" daemon [_thread_blocked, id=9160, stack(0x000000bbcbf00000,0x000000bbcc000000)]
  0x00000281a149d000 JavaThread "Catalina-utility-1" [_thread_blocked, id=4380, stack(0x000000bbcbb00000,0x000000bbcbc00000)]
  0x00000281a148c800 JavaThread "Catalina-utility-2" [_thread_blocked, id=3772, stack(0x000000bbcc000000,0x000000bbcc100000)]
  0x00000281a151a800 JavaThread "container-0" [_thread_blocked, id=3756, stack(0x000000bbcc100000,0x000000bbcc200000)]
  0x00000281a14da800 JavaThread "mysql-cj-abandoned-connection-cleanup" daemon [_thread_blocked, id=5560, stack(0x000000bbcc200000,0x000000bbcc300000)]
  0x000002819f73f000 JavaThread "HikariPool-1 housekeeper" daemon [_thread_blocked, id=8704, stack(0x000000bbcc400000,0x000000bbcc500000)]
  0x00000281a16d8800 JavaThread "HikariPool-1 connection adder" daemon [_thread_blocked, id=9944, stack(0x000000bbcc500000,0x000000bbcc600000)]
  0x00000281a1acc000 JavaThread "RMI TCP Connection(3)-172.20.10.3" daemon [_thread_in_native, id=9796, stack(0x000000bbcc600000,0x000000bbcc700000)]

Other Threads:
=>0x000002819ed65800 VMThread "VM Thread" [stack: 0x000000bbcad00000,0x000000bbcae00000] [id=9964]
  0x000002819fd22800 WatcherThread [stack: 0x000000bbcb800000,0x000000bbcb900000] [id=7816]
  0x0000028186d54000 GCTaskThread "GC Thread#0" [stack: 0x000000bbca800000,0x000000bbca900000] [id=2584]
  0x000002819fd23800 GCTaskThread "GC Thread#1" [stack: 0x000000bbcb900000,0x000000bbcba00000] [id=5940]
  0x00000281a01e0800 GCTaskThread "GC Thread#2" [stack: 0x000000bbcbc00000,0x000000bbcbd00000] [id=6820]
  0x00000281a01c0000 GCTaskThread "GC Thread#3" [stack: 0x000000bbcbd00000,0x000000bbcbe00000] [id=828]
  0x0000028186d6e000 ConcurrentGCThread "G1 Main Marker" [stack: 0x000000bbca900000,0x000000bbcaa00000] [id=1584]
  0x0000028186d71800 ConcurrentGCThread "G1 Conc#0" [stack: 0x000000bbcaa00000,0x000000bbcab00000] [id=3228]
  0x0000028186dc7000 ConcurrentGCThread "G1 Refine#0" [stack: 0x000000bbcab00000,0x000000bbcac00000] [id=8100]
  0x000002819f8c5800 ConcurrentGCThread "G1 Refine#1" [stack: 0x000000bbcba00000,0x000000bbcbb00000] [id=9224]
  0x0000028186dc8000 ConcurrentGCThread "G1 Young RemSet Sampling" [stack: 0x000000bbcac00000,0x000000bbcad00000] [id=2372]

Threads with active compile tasks:

VM state:at safepoint (normal execution)

VM Mutex/Monitor currently owned by a thread:  ([mutex/lock_event])
[0x0000028186d3a8d0] Threads_lock - owner thread: 0x000002819ed65800
[0x0000028186d3ac30] Heap_lock - owner thread: 0x0000028186d33800

Heap address: 0x00000000c1c00000, size: 996 MB, Compressed Oops mode: 32-bit
Narrow klass base: 0x0000000800000000, Narrow klass shift: 3
Compressed class space size: 1073741824 Address: 0x0000000840000000

Heap:
 garbage-first heap   total 114688K, used 27909K [0x00000000c1c00000, 0x0000000100000000)
  region size 1024K, 5 young (5120K), 5 survivors (5120K)
 Metaspace       used 50916K, capacity 52545K, committed 52608K, reserved 1093632K
  class space    used 7102K, capacity 7764K, committed 7808K, reserved 1048576K
Heap Regions: E=young(eden), S=young(survivor), O=old, HS=humongous(starts), HC=humongous(continues), CS=collection set, F=free, A=archive, TAMS=top-at-mark-start (previous, next)
|   0|0x00000000c1c00000, 0x00000000c1d00000, 0x00000000c1d00000|100%|HS|  |TAMS 0x00000000c1d00000, 0x00000000c1c00000| Complete 
|   1|0x00000000c1d00000, 0x00000000c1e00000, 0x00000000c1e00000|100%| O|  |TAMS 0x00000000c1e00000, 0x00000000c1d00000| Untracked 
|   2|0x00000000c1e00000, 0x00000000c1f00000, 0x00000000c1f00000|100%| O|  |TAMS 0x00000000c1f00000, 0x00000000c1e00000| Untracked 
|   3|0x00000000c1f00000, 0x00000000c2000000, 0x00000000c2000000|100%| O|  |TAMS 0x00000000c2000000, 0x00000000c1f00000| Untracked 
|   4|0x00000000c2000000, 0x00000000c2100000, 0x00000000c2100000|100%| O|  |TAMS 0x00000000c2100000, 0x00000000c2000000| Untracked 
|   5|0x00000000c2100000, 0x00000000c2200000, 0x00000000c2200000|100%| O|  |TAMS 0x00000000c2200000, 0x00000000c2100000| Untracked 
|   6|0x00000000c2200000, 0x00000000c2300000, 0x00000000c2300000|100%| O|  |TAMS 0x00000000c2300000, 0x00000000c2200000| Untracked 
|   7|0x00000000c2300000, 0x00000000c2400000, 0x00000000c2400000|100%| O|  |TAMS 0x00000000c2400000, 0x00000000c2300000| Untracked 
|   8|0x00000000c2400000, 0x00000000c2500000, 0x00000000c2500000|100%| O|  |TAMS 0x00000000c2500000, 0x00000000c2400000| Untracked 
|   9|0x00000000c2500000, 0x00000000c2600000, 0x00000000c2600000|100%| O|  |TAMS 0x00000000c2600000, 0x00000000c2500000| Untracked 
|  10|0x00000000c2600000, 0x00000000c2700000, 0x00000000c2700000|100%| O|  |TAMS 0x00000000c2700000, 0x00000000c2600000| Untracked 
|  11|0x00000000c2700000, 0x00000000c2800000, 0x00000000c2800000|100%| O|  |TAMS 0x00000000c2800000, 0x00000000c2700000| Untracked 
|  12|0x00000000c2800000, 0x00000000c2900000, 0x00000000c2900000|100%| O|  |TAMS 0x00000000c2900000, 0x00000000c2800000| Untracked 
|  13|0x00000000c2900000, 0x00000000c2a00000, 0x00000000c2a00000|100%| O|  |TAMS 0x00000000c2a00000, 0x00000000c2900000| Untracked 
|  14|0x00000000c2a00000, 0x00000000c2b00000, 0x00000000c2b00000|100%| O|  |TAMS 0x00000000c2a69200, 0x00000000c2a00000| Untracked 
|  15|0x00000000c2b00000, 0x00000000c2c00000, 0x00000000c2c00000|100%| O|  |TAMS 0x00000000c2b00000, 0x00000000c2b00000| Untracked 
|  16|0x00000000c2c00000, 0x00000000c2d00000, 0x00000000c2d00000|100%| O|  |TAMS 0x00000000c2c00000, 0x00000000c2c00000| Untracked 
|  17|0x00000000c2d00000, 0x00000000c2e00000, 0x00000000c2e00000|100%| O|  |TAMS 0x00000000c2d00000, 0x00000000c2d00000| Untracked 
|  18|0x00000000c2e00000, 0x00000000c2f00000, 0x00000000c2f00000|100%| O|  |TAMS 0x00000000c2e00000, 0x00000000c2e00000| Untracked 
|  19|0x00000000c2f00000, 0x00000000c3000000, 0x00000000c3000000|100%| O|  |TAMS 0x00000000c2f00000, 0x00000000c2f00000| Untracked 
|  20|0x00000000c3000000, 0x00000000c3100000, 0x00000000c3100000|100%| O|  |TAMS 0x00000000c3000000, 0x00000000c3000000| Untracked 
|  21|0x00000000c3100000, 0x00000000c3200000, 0x00000000c3200000|100%| O|  |TAMS 0x00000000c3100000, 0x00000000c3100000| Untracked 
|  22|0x00000000c3200000, 0x00000000c3251400, 0x00000000c3300000| 31%| O|  |TAMS 0x00000000c3200000, 0x00000000c3200000| Untracked 
|  23|0x00000000c3300000, 0x00000000c3300000, 0x00000000c3400000|  0%| F|  |TAMS 0x00000000c3300000, 0x00000000c3300000| Untracked 
|  24|0x00000000c3400000, 0x00000000c3400000, 0x00000000c3500000|  0%| F|  |TAMS 0x00000000c3400000, 0x00000000c3400000| Untracked 
|  25|0x00000000c3500000, 0x00000000c3500000, 0x00000000c3600000|  0%| F|  |TAMS 0x00000000c3500000, 0x00000000c3500000| Untracked 
|  26|0x00000000c3600000, 0x00000000c3600000, 0x00000000c3700000|  0%| F|  |TAMS 0x00000000c3600000, 0x00000000c3600000| Untracked 
|  27|0x00000000c3700000, 0x00000000c3700000, 0x00000000c3800000|  0%| F|  |TAMS 0x00000000c3700000, 0x00000000c3700000| Untracked 
|  28|0x00000000c3800000, 0x00000000c3800000, 0x00000000c3900000|  0%| F|  |TAMS 0x00000000c3800000, 0x00000000c3800000| Untracked 
|  29|0x00000000c3900000, 0x00000000c3900000, 0x00000000c3a00000|  0%| F|  |TAMS 0x00000000c3900000, 0x00000000c3900000| Untracked 
|  30|0x00000000c3a00000, 0x00000000c3a00000, 0x00000000c3b00000|  0%| F|  |TAMS 0x00000000c3a00000, 0x00000000c3a00000| Untracked 
|  31|0x00000000c3b00000, 0x00000000c3b00000, 0x00000000c3c00000|  0%| F|  |TAMS 0x00000000c3b00000, 0x00000000c3b00000| Untracked 
|  32|0x00000000c3c00000, 0x00000000c3c00000, 0x00000000c3d00000|  0%| F|  |TAMS 0x00000000c3c00000, 0x00000000c3c00000| Untracked 
|  33|0x00000000c3d00000, 0x00000000c3d00000, 0x00000000c3e00000|  0%| F|  |TAMS 0x00000000c3d00000, 0x00000000c3d00000| Untracked 
|  34|0x00000000c3e00000, 0x00000000c3e00000, 0x00000000c3f00000|  0%| F|  |TAMS 0x00000000c3e00000, 0x00000000c3e00000| Untracked 
|  35|0x00000000c3f00000, 0x00000000c3f00000, 0x00000000c4000000|  0%| F|  |TAMS 0x00000000c3f00000, 0x00000000c3f00000| Untracked 
|  36|0x00000000c4000000, 0x00000000c4000000, 0x00000000c4100000|  0%| F|  |TAMS 0x00000000c4000000, 0x00000000c4000000| Untracked 
|  37|0x00000000c4100000, 0x00000000c4100000, 0x00000000c4200000|  0%| F|  |TAMS 0x00000000c4100000, 0x00000000c4100000| Untracked 
|  38|0x00000000c4200000, 0x00000000c4200000, 0x00000000c4300000|  0%| F|  |TAMS 0x00000000c4200000, 0x00000000c4200000| Untracked 
|  39|0x00000000c4300000, 0x00000000c43f03f0, 0x00000000c4400000| 93%| S|CS|TAMS 0x00000000c4300000, 0x00000000c4300000| Complete 
|  40|0x00000000c4400000, 0x00000000c4500000, 0x00000000c4500000|100%| S|CS|TAMS 0x00000000c4400000, 0x00000000c4400000| Complete 
|  41|0x00000000c4500000, 0x00000000c4600000, 0x00000000c4600000|100%| S|CS|TAMS 0x00000000c4500000, 0x00000000c4500000| Complete 
|  42|0x00000000c4600000, 0x00000000c4700000, 0x00000000c4700000|100%| S|CS|TAMS 0x00000000c4600000, 0x00000000c4600000| Complete 
|  43|0x00000000c4700000, 0x00000000c4700000, 0x00000000c4800000|  0%| F|  |TAMS 0x00000000c4700000, 0x00000000c4700000| Untracked 
|  44|0x00000000c4800000, 0x00000000c4800000, 0x00000000c4900000|  0%| F|  |TAMS 0x00000000c4800000, 0x00000000c4800000| Untracked 
|  45|0x00000000c4900000, 0x00000000c4900000, 0x00000000c4a00000|  0%| F|  |TAMS 0x00000000c4900000, 0x00000000c4900000| Untracked 
|  46|0x00000000c4a00000, 0x00000000c4b00000, 0x00000000c4b00000|100%| S|CS|TAMS 0x00000000c4a00000, 0x00000000c4a00000| Complete 
|  47|0x00000000c4b00000, 0x00000000c4b00000, 0x00000000c4c00000|  0%| F|  |TAMS 0x00000000c4b00000, 0x00000000c4b00000| Untracked 
|  48|0x00000000c4c00000, 0x00000000c4c00000, 0x00000000c4d00000|  0%| F|  |TAMS 0x00000000c4c00000, 0x00000000c4c00000| Untracked 
|  49|0x00000000c4d00000, 0x00000000c4d00000, 0x00000000c4e00000|  0%| F|  |TAMS 0x00000000c4d00000, 0x00000000c4d00000| Untracked 
|  50|0x00000000c4e00000, 0x00000000c4e00000, 0x00000000c4f00000|  0%| F|  |TAMS 0x00000000c4e00000, 0x00000000c4e00000| Untracked 
|  51|0x00000000c4f00000, 0x00000000c4f00000, 0x00000000c5000000|  0%| F|  |TAMS 0x00000000c4f00000, 0x00000000c4f00000| Untracked 
|  52|0x00000000c5000000, 0x00000000c5000000, 0x00000000c5100000|  0%| F|  |TAMS 0x00000000c5000000, 0x00000000c5000000| Untracked 
|  53|0x00000000c5100000, 0x00000000c5100000, 0x00000000c5200000|  0%| F|  |TAMS 0x00000000c5100000, 0x00000000c5100000| Untracked 
|  54|0x00000000c5200000, 0x00000000c5200000, 0x00000000c5300000|  0%| F|  |TAMS 0x00000000c5200000, 0x00000000c5200000| Untracked 
|  55|0x00000000c5300000, 0x00000000c5300000, 0x00000000c5400000|  0%| F|  |TAMS 0x00000000c5300000, 0x00000000c5300000| Untracked 
|  56|0x00000000c5400000, 0x00000000c5400000, 0x00000000c5500000|  0%| F|  |TAMS 0x00000000c5400000, 0x00000000c5400000| Untracked 
|  57|0x00000000c5500000, 0x00000000c5500000, 0x00000000c5600000|  0%| F|  |TAMS 0x00000000c5500000, 0x00000000c5500000| Untracked 
|  58|0x00000000c5600000, 0x00000000c5600000, 0x00000000c5700000|  0%| F|  |TAMS 0x00000000c5600000, 0x00000000c5600000| Untracked 
|  59|0x00000000c5700000, 0x00000000c5700000, 0x00000000c5800000|  0%| F|  |TAMS 0x00000000c5700000, 0x00000000c5700000| Untracked 
|  60|0x00000000c5800000, 0x00000000c5800000, 0x00000000c5900000|  0%| F|  |TAMS 0x00000000c5800000, 0x00000000c5800000| Untracked 
|  61|0x00000000c5900000, 0x00000000c5900000, 0x00000000c5a00000|  0%| F|  |TAMS 0x00000000c5900000, 0x00000000c5900000| Untracked 
|  62|0x00000000c5a00000, 0x00000000c5a00000, 0x00000000c5b00000|  0%| F|  |TAMS 0x00000000c5a00000, 0x00000000c5a00000| Untracked 
|  63|0x00000000c5b00000, 0x00000000c5b00000, 0x00000000c5c00000|  0%| F|  |TAMS 0x00000000c5b00000, 0x00000000c5b00000| Untracked 
|  64|0x00000000c5c00000, 0x00000000c5c00000, 0x00000000c5d00000|  0%| F|  |TAMS 0x00000000c5c00000, 0x00000000c5c00000| Untracked 
|  65|0x00000000c5d00000, 0x00000000c5d00000, 0x00000000c5e00000|  0%| F|  |TAMS 0x00000000c5d00000, 0x00000000c5d00000| Untracked 
|  66|0x00000000c5e00000, 0x00000000c5e00000, 0x00000000c5f00000|  0%| F|  |TAMS 0x00000000c5e00000, 0x00000000c5e00000| Untracked 
|  67|0x00000000c5f00000, 0x00000000c5f00000, 0x00000000c6000000|  0%| F|  |TAMS 0x00000000c5f00000, 0x00000000c5f00000| Untracked 
|  68|0x00000000c6000000, 0x00000000c6000000, 0x00000000c6100000|  0%| F|  |TAMS 0x00000000c6000000, 0x00000000c6000000| Untracked 
|  69|0x00000000c6100000, 0x00000000c6100000, 0x00000000c6200000|  0%| F|  |TAMS 0x00000000c6100000, 0x00000000c6100000| Untracked 
|  70|0x00000000c6200000, 0x00000000c6200000, 0x00000000c6300000|  0%| F|  |TAMS 0x00000000c6200000, 0x00000000c6200000| Untracked 
|  71|0x00000000c6300000, 0x00000000c6300000, 0x00000000c6400000|  0%| F|  |TAMS 0x00000000c6300000, 0x00000000c6300000| Untracked 
|  72|0x00000000c6400000, 0x00000000c6400000, 0x00000000c6500000|  0%| F|  |TAMS 0x00000000c6400000, 0x00000000c6400000| Untracked 
|  73|0x00000000c6500000, 0x00000000c6500000, 0x00000000c6600000|  0%| F|  |TAMS 0x00000000c6500000, 0x00000000c6500000| Untracked 
|  74|0x00000000c6600000, 0x00000000c6600000, 0x00000000c6700000|  0%| F|  |TAMS 0x00000000c6600000, 0x00000000c6600000| Untracked 
|  75|0x00000000c6700000, 0x00000000c6700000, 0x00000000c6800000|  0%| F|  |TAMS 0x00000000c6700000, 0x00000000c6700000| Untracked 
|  76|0x00000000c6800000, 0x00000000c6800000, 0x00000000c6900000|  0%| F|  |TAMS 0x00000000c6800000, 0x00000000c6800000| Untracked 
|  77|0x00000000c6900000, 0x00000000c6900000, 0x00000000c6a00000|  0%| F|  |TAMS 0x00000000c6900000, 0x00000000c6900000| Untracked 
|  78|0x00000000c6a00000, 0x00000000c6a00000, 0x00000000c6b00000|  0%| F|  |TAMS 0x00000000c6a00000, 0x00000000c6a00000| Untracked 
|  79|0x00000000c6b00000, 0x00000000c6b00000, 0x00000000c6c00000|  0%| F|  |TAMS 0x00000000c6b00000, 0x00000000c6b00000| Untracked 
|  80|0x00000000c6c00000, 0x00000000c6c00000, 0x00000000c6d00000|  0%| F|  |TAMS 0x00000000c6c00000, 0x00000000c6c00000| Untracked 
|  81|0x00000000c6d00000, 0x00000000c6d00000, 0x00000000c6e00000|  0%| F|  |TAMS 0x00000000c6d00000, 0x00000000c6d00000| Untracked 
|  82|0x00000000c6e00000, 0x00000000c6e00000, 0x00000000c6f00000|  0%| F|  |TAMS 0x00000000c6e00000, 0x00000000c6e00000| Untracked 
|  83|0x00000000c6f00000, 0x00000000c6f00000, 0x00000000c7000000|  0%| F|  |TAMS 0x00000000c6f00000, 0x00000000c6f00000| Untracked 
|  84|0x00000000c7000000, 0x00000000c7000000, 0x00000000c7100000|  0%| F|  |TAMS 0x00000000c7000000, 0x00000000c7000000| Untracked 
|  85|0x00000000c7100000, 0x00000000c7100000, 0x00000000c7200000|  0%| F|  |TAMS 0x00000000c7100000, 0x00000000c7100000| Untracked 
|  86|0x00000000c7200000, 0x00000000c7200000, 0x00000000c7300000|  0%| F|  |TAMS 0x00000000c7200000, 0x00000000c7200000| Untracked 
|  87|0x00000000c7300000, 0x00000000c7300000, 0x00000000c7400000|  0%| F|  |TAMS 0x00000000c7300000, 0x00000000c7300000| Untracked 
|  88|0x00000000c7400000, 0x00000000c7400000, 0x00000000c7500000|  0%| F|  |TAMS 0x00000000c7400000, 0x00000000c7400000| Untracked 
|  89|0x00000000c7500000, 0x00000000c7500000, 0x00000000c7600000|  0%| F|  |TAMS 0x00000000c7500000, 0x00000000c7500000| Untracked 
|  90|0x00000000c7600000, 0x00000000c7600000, 0x00000000c7700000|  0%| F|  |TAMS 0x00000000c7600000, 0x00000000c7600000| Untracked 
|  91|0x00000000c7700000, 0x00000000c7700000, 0x00000000c7800000|  0%| F|  |TAMS 0x00000000c7700000, 0x00000000c7700000| Untracked 
|  92|0x00000000c7800000, 0x00000000c7800000, 0x00000000c7900000|  0%| F|  |TAMS 0x00000000c7800000, 0x00000000c7800000| Untracked 

Card table byte_map: [0x000002819a4b0000,0x000002819a6b0000] _byte_map_base: 0x0000028199ea2000

Marking Bits (Prev, Next): (CMBitMap*) 0x0000028186d69778, (CMBitMap*) 0x0000028186d697b0
 Prev Bits: [0x000002819a8b0000, 0x000002819b840000)
 Next Bits: [0x000002819b840000, 0x000002819c7d0000)

Polling page: 0x0000028185420000

Metaspace:

Usage:
  Non-class:     43.73 MB capacity,    42.79 MB ( 98%) used,   777.39 KB (  2%) free+waste,   189.19 KB ( <1%) overhead. 
      Class:      7.58 MB capacity,     6.94 MB ( 91%) used,   567.50 KB (  7%) free+waste,    94.31 KB (  1%) overhead. 
       Both:     51.31 MB capacity,    49.72 MB ( 97%) used,     1.31 MB (  3%) free+waste,   283.50 KB ( <1%) overhead. 

Virtual space:
  Non-class space:       44.00 MB reserved,      43.75 MB (>99%) committed 
      Class space:        1.00 GB reserved,       7.63 MB ( <1%) committed 
             Both:        1.04 GB reserved,      51.38 MB (  5%) committed 

Chunk freelists:
   Non-Class:  19.00 KB
       Class:  12.00 KB
        Both:  31.00 KB

CodeHeap 'non-profiled nmethods': size=238912Kb used=8686Kb max_used=8686Kb free=230225Kb
 bounds [0x000002818b340000, 0x000002818bbc0000, 0x0000028199c90000]
CodeHeap 'non-nmethods': size=6848Kb used=1252Kb max_used=1252Kb free=5595Kb
 bounds [0x000002818ac90000, 0x000002818af00000, 0x000002818b340000]
 total_blobs=5879 nmethods=5245 adapters=543
 compilation: enabled
              stopped_count=0, restarted_count=0
 full_count=0

Compilation events (10 events):
Event: 12.858 Thread 0x000002819ed92000 5241       1       org.springframework.aop.scope.ScopedProxyUtils::isScopedTarget (19 bytes)
Event: 12.859 Thread 0x000002819ed92000 nmethod 5241 0x000002818bbba590 code [0x000002818bbba740, 0x000002818bbba8b0]
Event: 12.859 Thread 0x000002819ed92000 5242       1       org.springframework.context.support.AbstractApplicationContext::findAnnotationOnBean (16 bytes)
Event: 12.859 Thread 0x000002819ed92000 nmethod 5242 0x000002818bbba990 code [0x000002818bbbab60, 0x000002818bbbad30]
Event: 12.867 Thread 0x000002819ed92000 5243       1       org.springframework.util.MimeType::getType (5 bytes)
Event: 12.867 Thread 0x000002819ed92000 nmethod 5243 0x000002818bbbae10 code [0x000002818bbbafc0, 0x000002818bbbb0f8]
Event: 12.876 Thread 0x000002819ed92000 5244       1       org.springframework.util.MimeType::getSubtype (5 bytes)
Event: 12.876 Thread 0x000002819ed92000 nmethod 5244 0x000002818bbbb190 code [0x000002818bbbb340, 0x000002818bbbb478]
Event: 12.877 Thread 0x000002819ed92000 5245       1       org.springframework.util.MimeType::isWildcardType (10 bytes)
Event: 12.877 Thread 0x000002819ed92000 nmethod 5245 0x000002818bbbb510 code [0x000002818bbbb6c0, 0x000002818bbbb830]

GC Heap History (10 events):
Event: 7.003 GC heap after
{Heap after GC invocations=10 (full 0):
 garbage-first heap   total 78848K, used 17735K [0x00000000c1c00000, 0x0000000100000000)
  region size 1024K, 5 young (5120K), 5 survivors (5120K)
 Metaspace       used 28151K, capacity 29348K, committed 29440K, reserved 1075200K
  class space    used 3817K, capacity 4272K, committed 4352K, reserved 1048576K
}
Event: 7.058 GC heap before
{Heap before GC invocations=10 (full 0):
 garbage-first heap   total 78848K, used 58695K [0x00000000c1c00000, 0x0000000100000000)
  region size 1024K, 46 young (47104K), 5 survivors (5120K)
 Metaspace       used 28284K, capacity 29412K, committed 29696K, reserved 1075200K
  class space    used 3831K, capacity 4272K, committed 4352K, reserved 1048576K
}
Event: 7.075 GC heap after
{Heap after GC invocations=11 (full 0):
 garbage-first heap   total 95232K, used 18272K [0x00000000c1c00000, 0x0000000100000000)
  region size 1024K, 4 young (4096K), 4 survivors (4096K)
 Metaspace       used 28284K, capacity 29412K, committed 29696K, reserved 1075200K
  class space    used 3831K, capacity 4272K, committed 4352K, reserved 1048576K
}
Event: 8.860 GC heap before
{Heap before GC invocations=11 (full 0):
 garbage-first heap   total 95232K, used 55136K [0x00000000c1c00000, 0x0000000100000000)
  region size 1024K, 41 young (41984K), 4 survivors (4096K)
 Metaspace       used 34493K, capacity 35755K, committed 35840K, reserved 1079296K
  class space    used 4804K, capacity 5321K, committed 5376K, reserved 1048576K
}
Event: 8.873 GC heap after
{Heap after GC invocations=12 (full 0):
 garbage-first heap   total 95232K, used 19507K [0x00000000c1c00000, 0x0000000100000000)
  region size 1024K, 5 young (5120K), 5 survivors (5120K)
 Metaspace       used 34493K, capacity 35755K, committed 35840K, reserved 1079296K
  class space    used 4804K, capacity 5321K, committed 5376K, reserved 1048576K
}
Event: 10.517 GC heap before
{Heap before GC invocations=13 (full 0):
 garbage-first heap   total 95232K, used 67635K [0x00000000c1c00000, 0x0000000100000000)
  region size 1024K, 53 young (54272K), 5 survivors (5120K)
 Metaspace       used 43163K, capacity 44473K, committed 44672K, reserved 1087488K
  class space    used 5983K, capacity 6491K, committed 6528K, reserved 1048576K
}
Event: 10.538 GC heap after
{Heap after GC invocations=14 (full 0):
 garbage-first heap   total 95232K, used 23114K [0x00000000c1c00000, 0x0000000100000000)
  region size 1024K, 6 young (6144K), 6 survivors (6144K)
 Metaspace       used 43163K, capacity 44473K, committed 44672K, reserved 1087488K
  class space    used 5983K, capacity 6491K, committed 6528K, reserved 1048576K
}
Event: 12.132 GC heap before
{Heap before GC invocations=14 (full 0):
 garbage-first heap   total 95232K, used 70218K [0x00000000c1c00000, 0x0000000100000000)
  region size 1024K, 53 young (54272K), 6 survivors (6144K)
 Metaspace       used 48231K, capacity 49808K, committed 49920K, reserved 1091584K
  class space    used 6717K, capacity 7347K, committed 7424K, reserved 1048576K
}
Event: 12.147 GC heap after
{Heap after GC invocations=15 (full 0):
 garbage-first heap   total 95232K, used 25925K [0x00000000c1c00000, 0x0000000100000000)
  region size 1024K, 3 young (3072K), 3 survivors (3072K)
 Metaspace       used 48231K, capacity 49808K, committed 49920K, reserved 1091584K
  class space    used 6717K, capacity 7347K, committed 7424K, reserved 1048576K
}
Event: 12.879 GC heap before
{Heap before GC invocations=15 (full 0):
 garbage-first heap   total 95232K, used 73029K [0x00000000c1c00000, 0x0000000100000000)
  region size 1024K, 49 young (50176K), 3 survivors (3072K)
 Metaspace       used 50916K, capacity 52545K, committed 52608K, reserved 1093632K
  class space    used 7102K, capacity 7764K, committed 7808K, reserved 1048576K
}

Deoptimization events (2 events):
Event: 5.801 Thread 0x0000028186d33800 DEOPT PACKING pc=0x000002818b69f7b4 sp=0x000000bbca7fd870
Event: 5.801 Thread 0x0000028186d33800 DEOPT UNPACKING pc=0x000002818acb8fce sp=0x000000bbca7fcdd8 mode 0

Classes redefined (0 events):
No events

Internal exceptions (10 events):
Event: 12.196 Thread 0x0000028186d33800 Exception <a 'java/lang/ClassNotFoundException'{0x00000000c75d25d0}: kz/iitu/csse/group34/entities/CommentsCustomizer> (0x00000000c75d25d0) thrown at [c:/BuildAgent/work/5ff2f6c26000d570/src/hotspot/share/classfile/systemDictionary.cpp, line 231]
Event: 12.221 Thread 0x0000028186d33800 Exception <a 'java/lang/reflect/InvocationTargetException'{0x00000000c715a288}> (0x00000000c715a288) thrown at [c:/BuildAgent/work/5ff2f6c26000d570/src/hotspot/share/runtime/reflection.cpp, line 1246]
Event: 12.365 Thread 0x0000028186d33800 Exception <a 'java/lang/ClassNotFoundException'{0x00000000c68a4668}: java/lang/ObjectCustomizer> (0x00000000c68a4668) thrown at [c:/BuildAgent/work/5ff2f6c26000d570/src/hotspot/share/classfile/systemDictionary.cpp, line 231]
Event: 12.365 Thread 0x0000028186d33800 Exception <a 'java/lang/ClassNotFoundException'{0x00000000c68b8b20}: org/springframework/security/config/annotation/web/configuration/WebSecurityConfigurationCustomizer> (0x00000000c68b8b20) thrown at [c:/BuildAgent/work/5ff2f6c26000d570/src/hotspot/share
Event: 12.366 Thread 0x0000028186d33800 Exception <a 'java/lang/ClassNotFoundException'{0x00000000c68d02f8}: org/springframework/context/annotation/ImportAwareCustomizer> (0x00000000c68d02f8) thrown at [c:/BuildAgent/work/5ff2f6c26000d570/src/hotspot/share/classfile/systemDictionary.cpp, line 2
Event: 12.367 Thread 0x0000028186d33800 Exception <a 'java/lang/ClassNotFoundException'{0x00000000c68dc8b0}: org/springframework/beans/factory/AwareCustomizer> (0x00000000c68dc8b0) thrown at [c:/BuildAgent/work/5ff2f6c26000d570/src/hotspot/share/classfile/systemDictionary.cpp, line 231]
Event: 12.367 Thread 0x0000028186d33800 Exception <a 'java/lang/ClassNotFoundException'{0x00000000c68e9a28}: org/springframework/beans/factory/BeanClassLoaderAwareCustomizer> (0x00000000c68e9a28) thrown at [c:/BuildAgent/work/5ff2f6c26000d570/src/hotspot/share/classfile/systemDictionary.cpp, li
Event: 12.368 Thread 0x0000028186d33800 Exception <a 'java/lang/ClassNotFoundException'{0x00000000c68f5ff0}: org/springframework/beans/factory/AwareCustomizer> (0x00000000c68f5ff0) thrown at [c:/BuildAgent/work/5ff2f6c26000d570/src/hotspot/share/classfile/systemDictionary.cpp, line 231]
Event: 12.588 Thread 0x0000028186d33800 Exception <a 'java/lang/NoSuchMethodError'{0x00000000c5a01210}: 'java.lang.Object java.lang.invoke.DirectMethodHandle$Holder.invokeInterface(java.lang.Object, java.lang.Object, java.lang.Object, java.lang.Object)'> (0x00000000c5a01210) thrown at [c:/Build
Event: 12.837 Thread 0x0000028186d33800 Exception <a 'java/lang/NoSuchMethodError'{0x00000000c4eafe40}: 'void java.lang.invoke.DirectMethodHandle$Holder.invokeVirtual(java.lang.Object, java.lang.Object, int)'> (0x00000000c4eafe40) thrown at [c:/BuildAgent/work/5ff2f6c26000d570/src/hotspot/share

Events (10 events):
Event: 12.876 loading class org/springframework/web/servlet/mvc/method/annotation/HttpHeadersReturnValueHandler done
Event: 12.876 loading class org/springframework/web/servlet/mvc/method/annotation/CallableMethodReturnValueHandler
Event: 12.876 loading class org/springframework/web/servlet/mvc/method/annotation/CallableMethodReturnValueHandler done
Event: 12.876 loading class org/springframework/web/servlet/mvc/method/annotation/DeferredResultMethodReturnValueHandler
Event: 12.876 loading class org/springframework/web/servlet/mvc/method/annotation/DeferredResultMethodReturnValueHandler done
Event: 12.877 loading class org/springframework/web/servlet/mvc/method/annotation/AsyncTaskMethodReturnValueHandler
Event: 12.877 loading class org/springframework/web/servlet/mvc/method/annotation/AsyncTaskMethodReturnValueHandler done
Event: 12.877 loading class org/springframework/web/servlet/mvc/method/annotation/ViewNameMethodReturnValueHandler
Event: 12.877 loading class org/springframework/web/servlet/mvc/method/annotation/ViewNameMethodReturnValueHandler done
Event: 12.879 Executing VM operation: G1CollectForAllocation


Dynamic libraries:
0x00007ff7f5910000 - 0x00007ff7f5957000 	C:\Program Files\JetBrains\IntelliJ IDEA 2019.2.4\jbr\bin\java.exe
0x00007ffd2f550000 - 0x00007ffd2f73d000 	C:\Windows\SYSTEM32\ntdll.dll
0x00007ffd2c950000 - 0x00007ffd2ca03000 	C:\Windows\System32\KERNEL32.DLL
0x00007ffd2b860000 - 0x00007ffd2baf3000 	C:\Windows\System32\KERNELBASE.dll
0x00007ffd2ed00000 - 0x00007ffd2ee97000 	C:\Windows\System32\USER32.dll
0x00007ffd2b640000 - 0x00007ffd2b660000 	C:\Windows\System32\win32u.dll
0x00007ffd2c920000 - 0x00007ffd2c949000 	C:\Windows\System32\GDI32.dll
0x00007ffd2c350000 - 0x00007ffd2c4e9000 	C:\Windows\System32\gdi32full.dll
0x00007ffd2b710000 - 0x00007ffd2b7b0000 	C:\Windows\System32\msvcp_win.dll
0x00007ffd2bb00000 - 0x00007ffd2bbfa000 	C:\Windows\System32\ucrtbase.dll
0x00007ffd1aee0000 - 0x00007ffd1b159000 	C:\Windows\WinSxS\amd64_microsoft.windows.common-controls_6595b64144ccf1df_6.0.17763.1098_none_de762ed45346ee8a\COMCTL32.dll
0x00007ffd2eb30000 - 0x00007ffd2ebce000 	C:\Windows\System32\msvcrt.dll
0x00007ffd2e570000 - 0x00007ffd2e89c000 	C:\Windows\System32\combase.dll
0x00007ffd2ef70000 - 0x00007ffd2f092000 	C:\Windows\System32\RPCRT4.dll
0x00007ffd2c6f0000 - 0x00007ffd2c76e000 	C:\Windows\System32\bcryptPrimitives.dll
0x00007ffd2e9f0000 - 0x00007ffd2ea1e000 	C:\Windows\System32\IMM32.DLL
0x00007ffd207c0000 - 0x00007ffd207d7000 	C:\Program Files\JetBrains\IntelliJ IDEA 2019.2.4\jbr\bin\vcruntime140.dll
0x00007ffd00da0000 - 0x00007ffd00e3d000 	C:\Program Files\JetBrains\IntelliJ IDEA 2019.2.4\jbr\bin\msvcp140.dll
0x00007ffcf2480000 - 0x00007ffcf2f38000 	C:\Program Files\JetBrains\IntelliJ IDEA 2019.2.4\jbr\bin\server\jvm.dll
0x00007ffd2e3b0000 - 0x00007ffd2e453000 	C:\Windows\System32\ADVAPI32.dll
0x00007ffd2ea90000 - 0x00007ffd2eb2e000 	C:\Windows\System32\sechost.dll
0x00007ffd2e480000 - 0x00007ffd2e488000 	C:\Windows\System32\PSAPI.DLL
0x00007ffd29170000 - 0x00007ffd29179000 	C:\Windows\SYSTEM32\WSOCK32.dll
0x00007ffd2e8a0000 - 0x00007ffd2e90d000 	C:\Windows\System32\WS2_32.dll
0x00007ffd29140000 - 0x00007ffd29164000 	C:\Windows\SYSTEM32\WINMM.dll
0x00007ffd22040000 - 0x00007ffd2204a000 	C:\Windows\SYSTEM32\VERSION.dll
0x00007ffd29110000 - 0x00007ffd2913d000 	C:\Windows\SYSTEM32\WINMMBASE.dll
0x00007ffd2b810000 - 0x00007ffd2b85a000 	C:\Windows\System32\cfgmgr32.dll
0x00007ffd2b540000 - 0x00007ffd2b551000 	C:\Windows\System32\kernel.appcore.dll
0x00007ffd17d20000 - 0x00007ffd17d31000 	C:\Program Files\JetBrains\IntelliJ IDEA 2019.2.4\jbr\bin\verify.dll
0x00007ffd1ee20000 - 0x00007ffd1f00d000 	C:\Windows\SYSTEM32\DBGHELP.DLL
0x00007ffd1edf0000 - 0x00007ffd1ee1a000 	C:\Windows\SYSTEM32\dbgcore.DLL
0x00007ffd17cf0000 - 0x00007ffd17d19000 	C:\Program Files\JetBrains\IntelliJ IDEA 2019.2.4\jbr\bin\java.dll
0x00007ffd201b0000 - 0x00007ffd201e4000 	C:\Program Files\JetBrains\IntelliJ IDEA 2019.2.4\jbr\bin\instrument.dll
0x00007ffd17cd0000 - 0x00007ffd17ce7000 	C:\Program Files\JetBrains\IntelliJ IDEA 2019.2.4\jbr\bin\zip.dll
0x00007ffd1ed60000 - 0x00007ffd1ed6b000 	C:\Program Files\JetBrains\IntelliJ IDEA 2019.2.4\jbr\bin\jimage.dll
0x00007ffd2cd90000 - 0x00007ffd2e284000 	C:\Windows\System32\SHELL32.dll
0x00007ffd2e2a0000 - 0x00007ffd2e348000 	C:\Windows\System32\shcore.dll
0x00007ffd2bc00000 - 0x00007ffd2c34d000 	C:\Windows\System32\windows.storage.dll
0x00007ffd2b580000 - 0x00007ffd2b5a4000 	C:\Windows\System32\profapi.dll
0x00007ffd2b5b0000 - 0x00007ffd2b60d000 	C:\Windows\System32\powrprof.dll
0x00007ffd2ea30000 - 0x00007ffd2ea82000 	C:\Windows\System32\shlwapi.dll
0x00007ffd2c4f0000 - 0x00007ffd2c507000 	C:\Windows\System32\cryptsp.dll
0x00007ffd17cb0000 - 0x00007ffd17cca000 	C:\Program Files\JetBrains\IntelliJ IDEA 2019.2.4\jbr\bin\net.dll
0x00007ffd223b0000 - 0x00007ffd224a2000 	C:\Windows\SYSTEM32\WINHTTP.dll
0x00007ffd21360000 - 0x00007ffd21537000 	C:\Windows\SYSTEM32\urlmon.dll
0x00007ffd210b0000 - 0x00007ffd21358000 	C:\Windows\SYSTEM32\iertutil.dll
0x00007ffd2af80000 - 0x00007ffd2af8c000 	C:\Windows\SYSTEM32\CRYPTBASE.DLL
0x00007ffd2adb0000 - 0x00007ffd2ae17000 	C:\Windows\system32\mswsock.dll
0x00007ffd17c90000 - 0x00007ffd17ca4000 	C:\Program Files\JetBrains\IntelliJ IDEA 2019.2.4\jbr\bin\nio.dll
0x00007ffd291a0000 - 0x00007ffd291ba000 	C:\Program Files\JetBrains\IntelliJ IDEA 2019.2.4\bin\breakgen64.dll
0x00007ffd2ab20000 - 0x00007ffd2abe6000 	C:\Windows\SYSTEM32\DNSAPI.dll
0x00007ffd2ea20000 - 0x00007ffd2ea28000 	C:\Windows\System32\NSI.dll
0x00007ffd2aad0000 - 0x00007ffd2ab0d000 	C:\Windows\SYSTEM32\IPHLPAPI.DLL
0x00007ffd22030000 - 0x00007ffd2203a000 	C:\Windows\System32\rasadhlp.dll
0x00007ffd224b0000 - 0x00007ffd22529000 	C:\Windows\System32\fwpuclnt.dll
0x00007ffd2b610000 - 0x00007ffd2b636000 	C:\Windows\System32\bcrypt.dll
0x00007ffd17c80000 - 0x00007ffd17c8a000 	C:\Program Files\JetBrains\IntelliJ IDEA 2019.2.4\jbr\bin\management.dll
0x00007ffd17c70000 - 0x00007ffd17c7c000 	C:\Program Files\JetBrains\IntelliJ IDEA 2019.2.4\jbr\bin\management_ext.dll
0x00007ffd2a930000 - 0x00007ffd2a963000 	C:\Windows\system32\rsaenh.dll
0x00007ffd2b470000 - 0x00007ffd2b498000 	C:\Windows\SYSTEM32\USERENV.dll
0x00007ffd230b0000 - 0x00007ffd230c6000 	C:\Windows\SYSTEM32\dhcpcsvc6.DLL
0x00007ffd231c0000 - 0x00007ffd231dc000 	C:\Windows\SYSTEM32\dhcpcsvc.DLL
0x00007ffd010b0000 - 0x00007ffd010c6000 	C:\Windows\system32\napinsp.dll
0x00007ffd01090000 - 0x00007ffd010aa000 	C:\Windows\system32\pnrpnsp.dll
0x00007ffd03d50000 - 0x00007ffd03d5e000 	C:\Windows\System32\winrnr.dll
0x00007ffd27dc0000 - 0x00007ffd27ddb000 	C:\Windows\system32\NLAapi.dll
0x00007ffd12580000 - 0x00007ffd12595000 	C:\Windows\system32\wshbth.dll

dbghelp: loaded successfully - version: 4.0.5 - missing functions: none
symbol engine: initialized successfully - sym options: 0x614 - pdb path: .;C:\Program Files\JetBrains\IntelliJ IDEA 2019.2.4\jbr\bin;C:\Windows\SYSTEM32;C:\Windows\WinSxS\amd64_microsoft.windows.common-controls_6595b64144ccf1df_6.0.17763.1098_none_de762ed45346ee8a;C:\Program Files\JetBrains\IntelliJ IDEA 2019.2.4\jbr\bin\server;C:\Program Files\JetBrains\IntelliJ IDEA 2019.2.4\bin

VM Arguments:
jvm_args: -XX:TieredStopAtLevel=1 -Xverify:none -Dspring.output.ansi.enabled=always -Dcom.sun.management.jmxremote -Dspring.jmx.enabled=true -Dspring.liveBeansView.mbeanDomain -Dspring.application.admin.enabled=true -javaagent:C:\Program Files\JetBrains\IntelliJ IDEA 2019.2.4\lib\idea_rt.jar=56580:C:\Program Files\JetBrains\IntelliJ IDEA 2019.2.4\bin -Dfile.encoding=UTF-8 
java_command: kz.iitu.csse.group34.Group34Application
java_class_path (initial): C:\Users\ASUS\Desktop\ProjectTask2\target\classes;C:\Users\ASUS\.m2\repository\org\springframework\boot\spring-boot-starter-data-jpa\2.2.4.RELEASE\spring-boot-starter-data-jpa-2.2.4.RELEASE.jar;C:\Users\ASUS\.m2\repository\org\springframework\boot\spring-boot-starter-aop\2.2.4.RELEASE\spring-boot-starter-aop-2.2.4.RELEASE.jar;C:\Users\ASUS\.m2\repository\org\aspectj\aspectjweaver\1.9.5\aspectjweaver-1.9.5.jar;C:\Users\ASUS\.m2\repository\org\springframework\boot\spring-boot-starter-jdbc\2.2.4.RELEASE\spring-boot-starter-jdbc-2.2.4.RELEASE.jar;C:\Users\ASUS\.m2\repository\com\zaxxer\HikariCP\3.4.2\HikariCP-3.4.2.jar;C:\Users\ASUS\.m2\repository\org\springframework\spring-jdbc\5.2.3.RELEASE\spring-jdbc-5.2.3.RELEASE.jar;C:\Users\ASUS\.m2\repository\jakarta\activation\jakarta.activation-api\1.2.1\jakarta.activation-api-1.2.1.jar;C:\Users\ASUS\.m2\repository\jakarta\persistence\jakarta.persistence-api\2.2.3\jakarta.persistence-api-2.2.3.jar;C:\Users\ASUS\.m2\repository\jakarta\transaction\jakarta.transaction-api\1.3.3\jakarta.transaction-api-1.3.3.jar;C:\Users\ASUS\.m2\repository\org\hibernate\hibernate-core\5.4.10.Final\hibernate-core-5.4.10.Final.jar;C:\Users\ASUS\.m2\repository\org\jboss\logging\jboss-logging\3.4.1.Final\jboss-logging-3.4.1.Final.jar;C:\Users\ASUS\.m2\repository\org\javassist\javassist\3.24.0-GA\javassist-3.24.0-GA.jar;C:\Users\ASUS\.m2\repository\net\bytebuddy\byte-buddy\1.10.6\byte-buddy-1.10.6.jar;C:\Users\ASUS\.m2\repository\antlr\antlr\2.7.7\antlr-2.7.7.jar;C:\Users\ASUS\.m2\repository\org\jboss\jandex\2.1.1.Final\jandex-2.1.1.Final.jar;C:\Users\ASUS\.m2\repository\com\fasterxml\classmate\1.5.1\classmate-1.5.1.jar;C:\Users\ASUS\.m2\repository\org\dom4j\dom4j\2.1.1\dom4j-2.1.1.jar;C:\Users\ASUS\.m2\repository\org\hibernate\common\hibernate-commons-annotations\5.1.0.Final\hibernate-commons-annotations-5.1.0.Final.jar;C:\Users\ASUS\.m2\repository\org\glassfish\jaxb\jaxb-runtime\2.3.2\jaxb-runtime-2.3.2.jar;C:\Users\ASUS
Launcher Type: SUN_STANDARD

[Global flags]
     bool BytecodeVerificationLocal                = false                                     {product} {command line}
     bool BytecodeVerificationRemote               = false                                     {product} {command line}
     intx CICompilerCount                          = 3                                         {product} {ergonomic}
     uint ConcGCThreads                            = 1                                         {product} {ergonomic}
     uint G1ConcRefinementThreads                  = 4                                         {product} {ergonomic}
   size_t G1HeapRegionSize                         = 1048576                                   {product} {ergonomic}
    uintx GCDrainStackTargetSize                   = 64                                        {product} {ergonomic}
   size_t InitialHeapSize                          = 67108864                                  {product} {ergonomic}
     bool ManagementServer                         = true                                      {product} {command line}
   size_t MarkStackSize                            = 4194304                                   {product} {ergonomic}
   size_t MaxHeapSize                              = 1044381696                                {product} {ergonomic}
   size_t MaxNewSize                               = 625999872                                 {product} {ergonomic}
   size_t MinHeapDeltaBytes                        = 1048576                                   {product} {ergonomic}
    uintx NonNMethodCodeHeapSize                   = 6973028                                {pd product} {ergonomic}
    uintx NonProfiledCodeHeapSize                  = 244685212                              {pd product} {ergonomic}
    uintx ProfiledCodeHeapSize                     = 0                                      {pd product} {ergonomic}
    uintx ReservedCodeCacheSize                    = 251658240                              {pd product} {ergonomic}
     bool SegmentedCodeCache                       = true                                      {product} {ergonomic}
     intx TieredStopAtLevel                        = 1                                         {product} {command line}
     bool UseCompressedClassPointers               = true                                 {lp64_product} {ergonomic}
     bool UseCompressedOops                        = true                                 {lp64_product} {ergonomic}
     bool UseG1GC                                  = true                                      {product} {ergonomic}
     bool UseLargePagesIndividualAllocation        = false                                  {pd product} {ergonomic}

Logging:
Log output configuration:
 #0: stdout all=warning uptime,level,tags
 #1: stderr all=off uptime,level,tags

Environment Variables:
PATH=C:\Windows\system32;C:\Windows;C:\Windows\System32\Wbem;C:\Windows\System32\WindowsPowerShell\v1.0\;C:\Windows\System32\OpenSSH\;C:\Program Files (x86)\Tesseract-OCR;C:\Program Files\Microsoft SQL Server\130\Tools\Binn\;C:\Program Files (x86)\Gpg4win\..\GnuPG\bin;C:\Program Files\dotnet\;C:\Program Files\Microsoft SQL Server\Client SDK\ODBC\170\Tools\Binn\;C:\Users\ASUS\AppData\Local\Programs\Python\Python37\Scripts\;C:\Users\ASUS\AppData\Local\Programs\Python\Python37\;C:\Users\ASUS\AppData\Local\Microsoft\WindowsApps;C:\Program Files (x86)\Graphviz2.38\bin;C:\Users\ASUS\Documents\temp;C:\Users\ASUS\AppData\Local\Programs\Python\Python37;
USERNAME=ASUS
OS=Windows_NT
PROCESSOR_IDENTIFIER=Intel64 Family 6 Model 58 Stepping 9, GenuineIntel



---------------  S Y S T E M  ---------------

OS: Windows 10 , 64 bit Build 17763 (10.0.17763.475)

CPU:total 4 (initial active 4) (2 cores per cpu, 2 threads per core) family 6 model 58 stepping 9, cmov, cx8, fxsr, mmx, sse, sse2, sse3, ssse3, sse4.1, sse4.2, popcnt, avx, aes, clmul, erms, ht, tsc, tscinvbit, tscinv

Memory: 4k page, system-wide physical 3981M (376M free)
TotalPageFile size 4781M (AvailPageFile size 4M)
current process WorkingSet (physical memory assigned to process): 218M, peak: 218M
current process commit charge ("private bytes"): 245M, peak: 264M

vm_info: OpenJDK 64-Bit Server VM (11.0.4+10-b304.77) for windows-amd64 JRE (11.0.4+10-b304.77), built on Oct 10 2019 15:02:36 by "" with MS VC++ 14.0 (VS2015)

END.
